TN:
SF:src/app.js
FN:17,(anonymous_0)
FN:18,(anonymous_1)
FN:23,(anonymous_2)
FNF:3
FNH:1
FNDA:0,(anonymous_0)
FNDA:0,(anonymous_1)
FNDA:1,(anonymous_2)
DA:1,1
DA:2,1
DA:3,1
DA:4,1
DA:5,1
DA:7,1
DA:8,1
DA:9,1
DA:12,1
DA:13,1
DA:17,1
DA:18,0
DA:19,0
DA:23,1
DA:24,1
DA:27,1
LF:16
LH:14
BRF:0
BRH:0
end_of_record
TN:
SF:src/controladores/authController.js
FN:7,(anonymous_0)
FN:14,(anonymous_1)
FN:31,(anonymous_2)
FN:34,(anonymous_3)
FNF:4
FNH:4
FNDA:3,(anonymous_0)
FNDA:2,(anonymous_1)
FNDA:4,(anonymous_2)
FNDA:5,(anonymous_3)
DA:1,1
DA:2,1
DA:3,1
DA:5,1
DA:7,1
DA:8,3
DA:10,3
DA:11,0
DA:14,3
DA:15,3
DA:16,1
DA:19,2
DA:20,2
DA:27,2
DA:28,2
DA:31,1
DA:32,4
DA:34,5
DA:35,4
DA:36,0
DA:39,4
DA:40,4
DA:41,1
DA:44,3
DA:50,3
DA:53,1
LF:26
LH:24
BRDA:5,0,0,1
BRDA:5,0,1,1
BRDA:10,1,0,0
BRDA:10,1,1,3
BRDA:10,2,0,3
BRDA:10,2,1,3
BRDA:15,3,0,1
BRDA:15,3,1,2
BRDA:24,4,0,1
BRDA:24,4,1,1
BRDA:35,5,0,0
BRDA:35,5,1,4
BRDA:40,6,0,1
BRDA:40,6,1,3
BRF:14
BRH:12
end_of_record
TN:
SF:src/datos/users.js
FNF:0
FNH:0
DA:3,1
DA:5,1
DA:10,1
LF:3
LH:3
BRF:0
BRH:0
end_of_record
TN:
SF:src/middleware/authMiddleware.js
FN:4,(anonymous_0)
FN:20,(anonymous_1)
FN:21,(anonymous_2)
FNF:3
FNH:3
FNDA:3,(anonymous_0)
FNDA:1,(anonymous_1)
FNDA:2,(anonymous_2)
DA:1,1
DA:2,1
DA:4,1
DA:5,3
DA:6,3
DA:7,1
DA:10,2
DA:11,2
DA:12,2
DA:13,2
DA:14,2
DA:16,0
DA:20,1
DA:21,1
DA:22,2
DA:23,1
DA:25,1
DA:29,1
LF:18
LH:17
BRDA:6,0,0,1
BRDA:6,0,1,2
BRDA:22,1,0,1
BRDA:22,1,1,1
BRDA:22,2,0,2
BRDA:22,2,1,2
BRF:6
BRH:6
end_of_record
