TN:
SF:src/app.js
FN:17,(anonymous_0)
FN:26,(anonymous_1)
FNF:2
FNH:1
FNDA:0,(anonymous_0)
FNDA:1,(anonymous_1)
DA:1,1
DA:2,1
DA:3,1
DA:4,1
DA:5,1
DA:7,1
DA:8,1
DA:9,1
DA:12,1
DA:13,1
DA:17,1
DA:18,0
DA:19,0
DA:20,0
DA:22,0
DA:26,1
DA:27,1
DA:28,1
DA:29,1
DA:31,0
DA:35,1
LF:21
LH:16
BRF:0
BRH:0
end_of_record
TN:
SF:src/controladores/authController.js
FN:7,(anonymous_0)
FN:39,(anonymous_1)
FNF:2
FNH:2
FNDA:3,(anonymous_0)
FNDA:4,(anonymous_1)
DA:1,1
DA:2,1
DA:3,1
DA:5,1
DA:7,1
DA:8,3
DA:9,3
DA:11,3
DA:12,0
DA:16,3
DA:17,3
DA:18,1
DA:21,2
DA:22,2
DA:29,2
DA:35,0
DA:39,1
DA:40,4
DA:41,4
DA:44,4
DA:45,4
DA:46,0
DA:49,4
DA:50,4
DA:51,1
DA:54,3
DA:60,3
DA:62,0
DA:66,1
LF:29
LH:25
BRDA:5,0,0,1
BRDA:5,0,1,1
BRDA:11,1,0,0
BRDA:11,1,1,3
BRDA:11,2,0,3
BRDA:11,2,1,3
BRDA:17,3,0,1
BRDA:17,3,1,2
BRDA:23,4,0,2
BRDA:23,4,1,2
BRDA:26,5,0,1
BRDA:26,5,1,1
BRDA:45,6,0,0
BRDA:45,6,1,4
BRDA:50,7,0,1
BRDA:50,7,1,3
BRF:16
BRH:14
end_of_record
TN:
SF:src/database/db.js
FNF:0
FNH:0
DA:1,1
DA:3,1
DA:17,1
DA:26,1
DA:38,1
DA:39,1
DA:41,1
LF:7
LH:7
BRDA:4,0,0,1
BRDA:4,0,1,1
BRF:2
BRH:2
end_of_record
TN:
SF:src/middleware/authMiddleware.js
FN:4,(anonymous_0)
FN:20,(anonymous_1)
FN:21,(anonymous_2)
FNF:3
FNH:3
FNDA:3,(anonymous_0)
FNDA:1,(anonymous_1)
FNDA:2,(anonymous_2)
DA:1,1
DA:2,1
DA:4,1
DA:5,3
DA:6,3
DA:7,1
DA:10,2
DA:11,2
DA:12,2
DA:13,2
DA:14,2
DA:16,0
DA:20,1
DA:21,1
DA:22,2
DA:23,1
DA:25,1
DA:29,1
LF:18
LH:17
BRDA:6,0,0,1
BRDA:6,0,1,2
BRDA:22,1,0,1
BRDA:22,1,1,1
BRDA:22,2,0,2
BRDA:22,2,1,2
BRF:6
BRH:6
end_of_record
